<?xml version="1.0" encoding="UTF-8"?>
<!-- Generated by org.testng.reporters.JUnitReportReporter -->
<testsuite hostname="HB11536" failures="0" tests="1" name="more_ways.Homework" time="6.740" errors="0" timestamp="2022-03-23T13:43:04 EDT" skipped="0">
  <testcase classname="more_ways.Homework" name="LunchBrowser" time="6.740"/>
  <system-out/>
</testsuite> <!-- more_ways.Homework -->
